Arguments: 
  C:\Program Files\nodejs\node.exe C:\Users\mazep\AppData\Roaming\npm\node_modules\yarn\bin\yarn.js add rbxtsc

PATH: 
  C:\Program Files\Lapce\;C:\Python310\Scripts\;C:\Python310\;C:\Windows\system32;C:\Windows;C:\Windows\System32\Wbem;C:\Windows\System32\WindowsPowerShell\v1.0\;C:\Windows\System32\OpenSSH\;C:\Program Files (x86)\NVIDIA Corporation\PhysX\Common;C:\Program Files\Git\cmd;C:\Program Files\nodejs\;C:\ProgramData\chocolatey\bin;C:\Program Files (x86)\Microsoft VS Code\bin;C:\Program Files\Microsoft SQL Server\Client SDK\ODBC\110\Tools\Binn\;C:\Program Files (x86)\Microsoft SQL Server\120\Tools\Binn\;C:\Program Files\Microsoft SQL Server\120\Tools\Binn\;C:\Program Files\Microsoft SQL Server\120\DTS\Binn\;C:\Program Files (x86)\Windows Kits\8.1\Windows Performance Toolkit\;C:\Program Files\dotnet\;C:\Users\mazep\Desktop\Projects\Roblox\tooling;C:\Program Files\qemu;C:\Program Files\RedHat\java-17-openjdk-17.0.5.0.8-2\bin;C:\Program Files\Microchip\xc8\v2.36\bin;C:\Users\mazep\AppData\Local\Microsoft\WindowsApps;C:\Users\mazep\AppData\Local\Programs\Microsoft VS Code Insiders\bin;C:\Users\mazep\.aftman\bin;C:\Users\mazep\AppData\Roaming\npm;C:\Users\mazep\AppData\Local\GitHubDesktop\bin

Yarn version: 
  1.22.19

Node version: 
  16.16.0

Platform: 
  win32 x64

Trace: 
  Error: https://registry.yarnpkg.com/rbxtsc: Not found
      at Request.params.callback [as _callback] (C:\Users\mazep\AppData\Roaming\npm\node_modules\yarn\lib\cli.js:66145:18)
      at Request.self.callback (C:\Users\mazep\AppData\Roaming\npm\node_modules\yarn\lib\cli.js:140890:22)
      at Request.emit (node:events:527:28)
      at Request.<anonymous> (C:\Users\mazep\AppData\Roaming\npm\node_modules\yarn\lib\cli.js:141862:10)
      at Request.emit (node:events:527:28)
      at IncomingMessage.<anonymous> (C:\Users\mazep\AppData\Roaming\npm\node_modules\yarn\lib\cli.js:141784:12)
      at Object.onceWrapper (node:events:641:28)
      at IncomingMessage.emit (node:events:539:35)
      at endReadableNT (node:internal/streams/readable:1345:12)
      at processTicksAndRejections (node:internal/process/task_queues:83:21)

npm manifest: 
  {
    "name": "StudioComponents",
    "version": "1.0.0",
    "main": "index.js",
    "repository": "https://github.com/Rudy-Dev/StudioComponents.git",
    "author": "Wiktor Rudnicki <mazepianko@gmail.com>",
    "license": "MIT"
  }

yarn manifest: 
  No manifest

Lockfile: 
  No lockfile
